# JRE version: Java(TM) SE Runtime Environment (8.0_111-b14) (build 1.8.0_111-b14)
# Java VM: Java HotSpot(TM) 64-Bit Server VM (25.111-b14 mixed mode linux-amd64 compressed oops)
Heap:
 PSYoungGen      total 17920K, used 4600K [0x00000000ec380000, 0x00000000ee680000, 0x0000000100000000)
  eden space 15360K, 13% used [0x00000000ec380000,0x00000000ec5803d8,0x00000000ed280000)
  from space 2560K, 99% used [0x00000000ee400000,0x00000000ee67dc30,0x00000000ee680000)
  to   space 2560K, 0% used [0x00000000ed280000,0x00000000ed280000,0x00000000ed500000)
 ParOldGen       total 40960K, used 7177K [0x00000000c4a00000, 0x00000000c7200000, 0x00000000ec380000)
  object space 40960K, 17% used [0x00000000c4a00000,0x00000000c5102770,0x00000000c7200000)
 Metaspace       used 14858K, capacity 15044K, committed 15104K, reserved 1062912K
  class space    used 1697K, capacity 1772K, committed 1792K, reserved 1048576K
GC Heap History (4 events):
Event: 1,396 GC heap before
{Heap before GC invocations=1 (full 0):
 PSYoungGen      total 17920K, used 15360K [0x00000000ec380000, 0x00000000ed780000, 0x0000000100000000)
  eden space 15360K, 100% used [0x00000000ec380000,0x00000000ed280000,0x00000000ed280000)
  from space 2560K, 0% used [0x00000000ed500000,0x00000000ed500000,0x00000000ed780000)
  to   space 2560K, 0% used [0x00000000ed280000,0x00000000ed280000,0x00000000ed500000)
 ParOldGen       total 40960K, used 0K [0x00000000c4a00000, 0x00000000c7200000, 0x00000000ec380000)
  object space 40960K, 0% used [0x00000000c4a00000,0x00000000c4a00000,0x00000000c7200000)
 Metaspace       used 12344K, capacity 12536K, committed 12800K, reserved 1060864K
  class space    used 1452K, capacity 1514K, committed 1536K, reserved 1048576K
Event: 1,416 GC heap after
Heap after GC invocations=1 (full 0):
 PSYoungGen      total 17920K, used 2554K [0x00000000ec380000, 0x00000000ee680000, 0x0000000100000000)
  eden space 15360K, 0% used [0x00000000ec380000,0x00000000ec380000,0x00000000ed280000)
  from space 2560K, 99% used [0x00000000ed280000,0x00000000ed4fe9b0,0x00000000ed500000)
  to   space 2560K, 0% used [0x00000000ee400000,0x00000000ee400000,0x00000000ee680000)
 ParOldGen       total 40960K, used 4408K [0x00000000c4a00000, 0x00000000c7200000, 0x00000000ec380000)
  object space 40960K, 10% used [0x00000000c4a00000,0x00000000c4e4e000,0x00000000c7200000)
 Metaspace       used 12344K, capacity 12536K, committed 12800K, reserved 1060864K
  class space    used 1452K, capacity 1514K, committed 1536K, reserved 1048576K
}
Event: 33,765 GC heap before
{Heap before GC invocations=2 (full 0):
 PSYoungGen      total 17920K, used 17731K [0x00000000ec380000, 0x00000000ee680000, 0x0000000100000000)
  eden space 15360K, 98% used [0x00000000ec380000,0x00000000ed252410,0x00000000ed280000)
  from space 2560K, 99% used [0x00000000ed280000,0x00000000ed4fe9b0,0x00000000ed500000)
  to   space 2560K, 0% used [0x00000000ee400000,0x00000000ee400000,0x00000000ee680000)
 ParOldGen       total 40960K, used 4408K [0x00000000c4a00000, 0x00000000c7200000, 0x00000000ec380000)
  object space 40960K, 10% used [0x00000000c4a00000,0x00000000c4e4e000,0x00000000c7200000)
 Metaspace       used 14619K, capacity 14916K, committed 15104K, reserved 1062912K
  class space    used 1689K, capacity 1772K, committed 1792K, reserved 1048576K
Event: 33,778 GC heap after
Heap after GC invocations=2 (full 0):
 PSYoungGen      total 17920K, used 2551K [0x00000000ec380000, 0x00000000ee680000, 0x0000000100000000)
  eden space 15360K, 0% used [0x00000000ec380000,0x00000000ec380000,0x00000000ed280000)
  from space 2560K, 99% used [0x00000000ee400000,0x00000000ee67dc30,0x00000000ee680000)
  to   space 2560K, 0% used [0x00000000ed280000,0x00000000ed280000,0x00000000ed500000)
 ParOldGen       total 40960K, used 7177K [0x00000000c4a00000, 0x00000000c7200000, 0x00000000ec380000)
  object space 40960K, 17% used [0x00000000c4a00000,0x00000000c5102770,0x00000000c7200000)
 Metaspace       used 14619K, capacity 14916K, committed 15104K, reserved 1062912K
  class space    used 1689K, capacity 1772K, committed 1792K, reserved 1048576K
}

